<?xml version="1.0" encoding="UTF-8" ?>
<testsuite tests="1" failures="0" name="filter.TestFilterTall" time="0.325" errors="1" skipped="0">
  <properties>
[...]
</properties>
  <testcase classname="filter.TestFilterTall" name="testFilterList" time="0.179">
    <error type="java.lang.NullPointerException">java.lang.NullPointerException
	at org.apache.hadoop.hbase.filter.FilterList.addFilter(FilterList.java:162)
	at filter.FilterTradesTall.scanListFilter(FilterTradesTall.java:124)
	at filter.TestFilterTall.testFilterList(TestFilterTall.java:118)
	at sun.reflect.NativeMethodAccessorImpl.invoke0(Native Method)
	at sun.reflect.NativeMethodAccessorImpl.invoke(NativeMethodAccessorImpl.java:62)
	at sun.reflect.DelegatingMethodAccessorImpl.invoke(DelegatingMethodAccessorImpl.java:43)
	at java.lang.reflect.Method.invoke(Method.java:497)
	at org.junit.runners.model.FrameworkMethod$1.runReflectiveCall(FrameworkMethod.java:47)
	at org.junit.internal.runners.model.ReflectiveCallable.run(ReflectiveCallable.java:12)
	at org.junit.runners.model.FrameworkMethod.invokeExplosively(FrameworkMethod.java:44)
	at org.junit.internal.runners.statements.InvokeMethod.evaluate(InvokeMethod.java:17)
	at org.junit.internal.runners.statements.RunBefores.evaluate(RunBefores.java:26)
	at org.junit.runners.ParentRunner.runLeaf(ParentRunner.java:271)
	at org.junit.runners.BlockJUnit4ClassRunner.runChild(BlockJUnit4ClassRunner.java:70)
	at org.junit.runners.BlockJUnit4ClassRunner.runChild(BlockJUnit4ClassRunner.java:50)
	at org.junit.runners.ParentRunner$3.run(ParentRunner.java:238)
	at org.junit.runners.ParentRunner$1.schedule(ParentRunner.java:63)
	at org.junit.runners.ParentRunner.runChildren(ParentRunner.java:236)
	at org.junit.runners.ParentRunner.access$000(ParentRunner.java:53)
	at org.junit.runners.ParentRunner$2.evaluate(ParentRunner.java:229)
	at org.junit.runners.ParentRunner.run(ParentRunner.java:309)
	at org.apache.maven.surefire.junit4.JUnit4TestSet.execute(JUnit4TestSet.java:53)
	at org.apache.maven.surefire.junit4.JUnit4Provider.executeTestSet(JUnit4Provider.java:123)
	at org.apache.maven.surefire.junit4.JUnit4Provider.invoke(JUnit4Provider.java:104)
	at sun.reflect.NativeMethodAccessorImpl.invoke0(Native Method)
	at sun.reflect.NativeMethodAccessorImpl.invoke(NativeMethodAccessorImpl.java:62)
	at sun.reflect.DelegatingMethodAccessorImpl.invoke(DelegatingMethodAccessorImpl.java:43)
	at java.lang.reflect.Method.invoke(Method.java:497)
	at org.apache.maven.surefire.util.ReflectionUtils.invokeMethodWithArray(ReflectionUtils.java:164)
	at org.apache.maven.surefire.booter.ProviderFactory$ProviderProxy.invoke(ProviderFactory.java:110)
	at org.apache.maven.surefire.booter.SurefireStarter.invokeProvider(SurefireStarter.java:175)
	at org.apache.maven.surefire.booter.SurefireStarter.runSuitesInProcessWhenForked(SurefireStarter.java:107)
	at org.apache.maven.surefire.booter.ForkedBooter.main(ForkedBooter.java:68)
</error>
    <system-out>Using DAO: class filter.TradeDAOTall
Storing the test data set...
Put trade: GOOG: 7327 shares at $867.24 at 2013.10.10 10:36:16
Put key: GOOG_9223370655438999807 family: CF1 columns: price 86724 vol 7327
Put trade: GOOG: 8327 shares at $767.24 at 2013.10.10 10:36:15
Put key: GOOG_9223370655439000807 family: CF1 columns: price 76724 vol 8327
Put trade: AMZN: 6007 shares at $600.71 at 2013.10.10 11:01:19
Put key: AMZN_9223370655437496807 family: CF1 columns: price 60071 vol 6007
Put trade: CSCO: 8326 shares at $500.71 at 2013.10.10 07:14:39
Put key: CSCO_9223370655451096807 family: CF1 columns: price 50071 vol 8326
 Test Filter List 
List Filter
 QualifierFilter volume
 ValueFilter 8000
</system-out>
  </testcase>
</testsuite>